 =======================================================
 ============== Printing Statistics [id:0]==============
   Total Return Transactions : 0 (0 bytes) aggregate average bandwidth 0.000GB/s
      -Rank   0 : 
        -Reads  : 0 (0 bytes)
        -Writes : 0 (0 bytes)
        -Bandwidth / Latency  (Bank 0): 0.000 GB/s		-nan ns
        -Bandwidth / Latency  (Bank 1): 0.000 GB/s		-nan ns
        -Bandwidth / Latency  (Bank 2): 0.000 GB/s		-nan ns
        -Bandwidth / Latency  (Bank 3): 0.000 GB/s		-nan ns
        -Bandwidth / Latency  (Bank 4): 0.000 GB/s		-nan ns
        -Bandwidth / Latency  (Bank 5): 0.000 GB/s		-nan ns
        -Bandwidth / Latency  (Bank 6): 0.000 GB/s		-nan ns
        -Bandwidth / Latency  (Bank 7): 0.000 GB/s		-nan ns
 == Power Data for Rank        0
   Average Power (watts)     : 0.000
     -Background (watts)     : 0.000
     -Act/Pre    (watts)     : 0.000
     -Burst      (watts)     : 0.000
     -Refresh    (watts)     : 0.000
      -Rank   1 : 
        -Reads  : 0 (0 bytes)
        -Writes : 0 (0 bytes)
        -Bandwidth / Latency  (Bank 0): 0.000 GB/s		-nan ns
        -Bandwidth / Latency  (Bank 1): 0.000 GB/s		-nan ns
        -Bandwidth / Latency  (Bank 2): 0.000 GB/s		-nan ns
        -Bandwidth / Latency  (Bank 3): 0.000 GB/s		-nan ns
        -Bandwidth / Latency  (Bank 4): 0.000 GB/s		-nan ns
        -Bandwidth / Latency  (Bank 5): 0.000 GB/s		-nan ns
        -Bandwidth / Latency  (Bank 6): 0.000 GB/s		-nan ns
        -Bandwidth / Latency  (Bank 7): 0.000 GB/s		-nan ns
 == Power Data for Rank        1
   Average Power (watts)     : 0.000
     -Background (watts)     : 0.000
     -Act/Pre    (watts)     : 0.000
     -Burst      (watts)     : 0.000
     -Refresh    (watts)     : 0.000
      -Rank   2 : 
        -Reads  : 0 (0 bytes)
        -Writes : 0 (0 bytes)
        -Bandwidth / Latency  (Bank 0): 0.000 GB/s		-nan ns
        -Bandwidth / Latency  (Bank 1): 0.000 GB/s		-nan ns
        -Bandwidth / Latency  (Bank 2): 0.000 GB/s		-nan ns
        -Bandwidth / Latency  (Bank 3): 0.000 GB/s		-nan ns
        -Bandwidth / Latency  (Bank 4): 0.000 GB/s		-nan ns
        -Bandwidth / Latency  (Bank 5): 0.000 GB/s		-nan ns
        -Bandwidth / Latency  (Bank 6): 0.000 GB/s		-nan ns
        -Bandwidth / Latency  (Bank 7): 0.000 GB/s		-nan ns
 == Power Data for Rank        2
   Average Power (watts)     : 0.000
     -Background (watts)     : 0.000
     -Act/Pre    (watts)     : 0.000
     -Burst      (watts)     : 0.000
     -Refresh    (watts)     : 0.000
      -Rank   3 : 
        -Reads  : 0 (0 bytes)
        -Writes : 0 (0 bytes)
        -Bandwidth / Latency  (Bank 0): 0.000 GB/s		-nan ns
        -Bandwidth / Latency  (Bank 1): 0.000 GB/s		-nan ns
        -Bandwidth / Latency  (Bank 2): 0.000 GB/s		-nan ns
        -Bandwidth / Latency  (Bank 3): 0.000 GB/s		-nan ns
        -Bandwidth / Latency  (Bank 4): 0.000 GB/s		-nan ns
        -Bandwidth / Latency  (Bank 5): 0.000 GB/s		-nan ns
        -Bandwidth / Latency  (Bank 6): 0.000 GB/s		-nan ns
        -Bandwidth / Latency  (Bank 7): 0.000 GB/s		-nan ns
 == Power Data for Rank        3
   Average Power (watts)     : 0.000
     -Background (watts)     : 0.000
     -Act/Pre    (watts)     : 0.000
     -Burst      (watts)     : 0.000
     -Refresh    (watts)     : 0.000
      -Rank   4 : 
        -Reads  : 0 (0 bytes)
        -Writes : 0 (0 bytes)
        -Bandwidth / Latency  (Bank 0): 0.000 GB/s		-nan ns
        -Bandwidth / Latency  (Bank 1): 0.000 GB/s		-nan ns
        -Bandwidth / Latency  (Bank 2): 0.000 GB/s		-nan ns
        -Bandwidth / Latency  (Bank 3): 0.000 GB/s		-nan ns
        -Bandwidth / Latency  (Bank 4): 0.000 GB/s		-nan ns
        -Bandwidth / Latency  (Bank 5): 0.000 GB/s		-nan ns
        -Bandwidth / Latency  (Bank 6): 0.000 GB/s		-nan ns
        -Bandwidth / Latency  (Bank 7): 0.000 GB/s		-nan ns
 == Power Data for Rank        4
   Average Power (watts)     : 0.000
     -Background (watts)     : 0.000
     -Act/Pre    (watts)     : 0.000
     -Burst      (watts)     : 0.000
     -Refresh    (watts)     : 0.000
      -Rank   5 : 
        -Reads  : 0 (0 bytes)
        -Writes : 0 (0 bytes)
        -Bandwidth / Latency  (Bank 0): 0.000 GB/s		-nan ns
        -Bandwidth / Latency  (Bank 1): 0.000 GB/s		-nan ns
        -Bandwidth / Latency  (Bank 2): 0.000 GB/s		-nan ns
        -Bandwidth / Latency  (Bank 3): 0.000 GB/s		-nan ns
        -Bandwidth / Latency  (Bank 4): 0.000 GB/s		-nan ns
        -Bandwidth / Latency  (Bank 5): 0.000 GB/s		-nan ns
        -Bandwidth / Latency  (Bank 6): 0.000 GB/s		-nan ns
        -Bandwidth / Latency  (Bank 7): 0.000 GB/s		-nan ns
 == Power Data for Rank        5
   Average Power (watts)     : 0.000
     -Background (watts)     : 0.000
     -Act/Pre    (watts)     : 0.000
     -Burst      (watts)     : 0.000
     -Refresh    (watts)     : 0.000
      -Rank   6 : 
        -Reads  : 0 (0 bytes)
        -Writes : 0 (0 bytes)
        -Bandwidth / Latency  (Bank 0): 0.000 GB/s		-nan ns
        -Bandwidth / Latency  (Bank 1): 0.000 GB/s		-nan ns
        -Bandwidth / Latency  (Bank 2): 0.000 GB/s		-nan ns
        -Bandwidth / Latency  (Bank 3): 0.000 GB/s		-nan ns
        -Bandwidth / Latency  (Bank 4): 0.000 GB/s		-nan ns
        -Bandwidth / Latency  (Bank 5): 0.000 GB/s		-nan ns
        -Bandwidth / Latency  (Bank 6): 0.000 GB/s		-nan ns
        -Bandwidth / Latency  (Bank 7): 0.000 GB/s		-nan ns
 == Power Data for Rank        6
   Average Power (watts)     : 0.000
     -Background (watts)     : 0.000
     -Act/Pre    (watts)     : 0.000
     -Burst      (watts)     : 0.000
     -Refresh    (watts)     : 0.000
      -Rank   7 : 
        -Reads  : 0 (0 bytes)
        -Writes : 0 (0 bytes)
        -Bandwidth / Latency  (Bank 0): 0.000 GB/s		-nan ns
        -Bandwidth / Latency  (Bank 1): 0.000 GB/s		-nan ns
        -Bandwidth / Latency  (Bank 2): 0.000 GB/s		-nan ns
        -Bandwidth / Latency  (Bank 3): 0.000 GB/s		-nan ns
        -Bandwidth / Latency  (Bank 4): 0.000 GB/s		-nan ns
        -Bandwidth / Latency  (Bank 5): 0.000 GB/s		-nan ns
        -Bandwidth / Latency  (Bank 6): 0.000 GB/s		-nan ns
        -Bandwidth / Latency  (Bank 7): 0.000 GB/s		-nan ns
 == Power Data for Rank        7
   Average Power (watts)     : 0.000
     -Background (watts)     : 0.000
     -Act/Pre    (watts)     : 0.000
     -Burst      (watts)     : 0.000
     -Refresh    (watts)     : 0.000
      -Rank   8 : 
        -Reads  : 0 (0 bytes)
        -Writes : 0 (0 bytes)
        -Bandwidth / Latency  (Bank 0): 0.000 GB/s		-nan ns
        -Bandwidth / Latency  (Bank 1): 0.000 GB/s		-nan ns
        -Bandwidth / Latency  (Bank 2): 0.000 GB/s		-nan ns
        -Bandwidth / Latency  (Bank 3): 0.000 GB/s		-nan ns
        -Bandwidth / Latency  (Bank 4): 0.000 GB/s		-nan ns
        -Bandwidth / Latency  (Bank 5): 0.000 GB/s		-nan ns
        -Bandwidth / Latency  (Bank 6): 0.000 GB/s		-nan ns
        -Bandwidth / Latency  (Bank 7): 0.000 GB/s		-nan ns
 == Power Data for Rank        8
   Average Power (watts)     : 0.000
     -Background (watts)     : 0.000
     -Act/Pre    (watts)     : 0.000
     -Burst      (watts)     : 0.000
     -Refresh    (watts)     : 0.000
      -Rank   9 : 
        -Reads  : 0 (0 bytes)
        -Writes : 0 (0 bytes)
        -Bandwidth / Latency  (Bank 0): 0.000 GB/s		-nan ns
        -Bandwidth / Latency  (Bank 1): 0.000 GB/s		-nan ns
        -Bandwidth / Latency  (Bank 2): 0.000 GB/s		-nan ns
        -Bandwidth / Latency  (Bank 3): 0.000 GB/s		-nan ns
        -Bandwidth / Latency  (Bank 4): 0.000 GB/s		-nan ns
        -Bandwidth / Latency  (Bank 5): 0.000 GB/s		-nan ns
        -Bandwidth / Latency  (Bank 6): 0.000 GB/s		-nan ns
        -Bandwidth / Latency  (Bank 7): 0.000 GB/s		-nan ns
 == Power Data for Rank        9
   Average Power (watts)     : 0.000
     -Background (watts)     : 0.000
     -Act/Pre    (watts)     : 0.000
     -Burst      (watts)     : 0.000
     -Refresh    (watts)     : 0.000
      -Rank   10 : 
        -Reads  : 0 (0 bytes)
        -Writes : 0 (0 bytes)
        -Bandwidth / Latency  (Bank 0): 0.000 GB/s		-nan ns
        -Bandwidth / Latency  (Bank 1): 0.000 GB/s		-nan ns
        -Bandwidth / Latency  (Bank 2): 0.000 GB/s		-nan ns
        -Bandwidth / Latency  (Bank 3): 0.000 GB/s		-nan ns
        -Bandwidth / Latency  (Bank 4): 0.000 GB/s		-nan ns
        -Bandwidth / Latency  (Bank 5): 0.000 GB/s		-nan ns
        -Bandwidth / Latency  (Bank 6): 0.000 GB/s		-nan ns
        -Bandwidth / Latency  (Bank 7): 0.000 GB/s		-nan ns
 == Power Data for Rank        10
   Average Power (watts)     : 0.000
     -Background (watts)     : 0.000
     -Act/Pre    (watts)     : 0.000
     -Burst      (watts)     : 0.000
     -Refresh    (watts)     : 0.000
      -Rank   11 : 
        -Reads  : 0 (0 bytes)
        -Writes : 0 (0 bytes)
        -Bandwidth / Latency  (Bank 0): 0.000 GB/s		-nan ns
        -Bandwidth / Latency  (Bank 1): 0.000 GB/s		-nan ns
        -Bandwidth / Latency  (Bank 2): 0.000 GB/s		-nan ns
        -Bandwidth / Latency  (Bank 3): 0.000 GB/s		-nan ns
        -Bandwidth / Latency  (Bank 4): 0.000 GB/s		-nan ns
        -Bandwidth / Latency  (Bank 5): 0.000 GB/s		-nan ns
        -Bandwidth / Latency  (Bank 6): 0.000 GB/s		-nan ns
        -Bandwidth / Latency  (Bank 7): 0.000 GB/s		-nan ns
 == Power Data for Rank        11
   Average Power (watts)     : 0.000
     -Background (watts)     : 0.000
     -Act/Pre    (watts)     : 0.000
     -Burst      (watts)     : 0.000
     -Refresh    (watts)     : 0.000
      -Rank   12 : 
        -Reads  : 0 (0 bytes)
        -Writes : 0 (0 bytes)
        -Bandwidth / Latency  (Bank 0): 0.000 GB/s		-nan ns
        -Bandwidth / Latency  (Bank 1): 0.000 GB/s		-nan ns
        -Bandwidth / Latency  (Bank 2): 0.000 GB/s		-nan ns
        -Bandwidth / Latency  (Bank 3): 0.000 GB/s		-nan ns
        -Bandwidth / Latency  (Bank 4): 0.000 GB/s		-nan ns
        -Bandwidth / Latency  (Bank 5): 0.000 GB/s		-nan ns
        -Bandwidth / Latency  (Bank 6): 0.000 GB/s		-nan ns
        -Bandwidth / Latency  (Bank 7): 0.000 GB/s		-nan ns
 == Power Data for Rank        12
   Average Power (watts)     : 0.000
     -Background (watts)     : 0.000
     -Act/Pre    (watts)     : 0.000
     -Burst      (watts)     : 0.000
     -Refresh    (watts)     : 0.000
      -Rank   13 : 
        -Reads  : 0 (0 bytes)
        -Writes : 0 (0 bytes)
        -Bandwidth / Latency  (Bank 0): 0.000 GB/s		-nan ns
        -Bandwidth / Latency  (Bank 1): 0.000 GB/s		-nan ns
        -Bandwidth / Latency  (Bank 2): 0.000 GB/s		-nan ns
        -Bandwidth / Latency  (Bank 3): 0.000 GB/s		-nan ns
        -Bandwidth / Latency  (Bank 4): 0.000 GB/s		-nan ns
        -Bandwidth / Latency  (Bank 5): 0.000 GB/s		-nan ns
        -Bandwidth / Latency  (Bank 6): 0.000 GB/s		-nan ns
        -Bandwidth / Latency  (Bank 7): 0.000 GB/s		-nan ns
 == Power Data for Rank        13
   Average Power (watts)     : 0.000
     -Background (watts)     : 0.000
     -Act/Pre    (watts)     : 0.000
     -Burst      (watts)     : 0.000
     -Refresh    (watts)     : 0.000
      -Rank   14 : 
        -Reads  : 0 (0 bytes)
        -Writes : 0 (0 bytes)
        -Bandwidth / Latency  (Bank 0): 0.000 GB/s		-nan ns
        -Bandwidth / Latency  (Bank 1): 0.000 GB/s		-nan ns
        -Bandwidth / Latency  (Bank 2): 0.000 GB/s		-nan ns
        -Bandwidth / Latency  (Bank 3): 0.000 GB/s		-nan ns
        -Bandwidth / Latency  (Bank 4): 0.000 GB/s		-nan ns
        -Bandwidth / Latency  (Bank 5): 0.000 GB/s		-nan ns
        -Bandwidth / Latency  (Bank 6): 0.000 GB/s		-nan ns
        -Bandwidth / Latency  (Bank 7): 0.000 GB/s		-nan ns
 == Power Data for Rank        14
   Average Power (watts)     : 0.000
     -Background (watts)     : 0.000
     -Act/Pre    (watts)     : 0.000
     -Burst      (watts)     : 0.000
     -Refresh    (watts)     : 0.000
      -Rank   15 : 
        -Reads  : 0 (0 bytes)
        -Writes : 0 (0 bytes)
        -Bandwidth / Latency  (Bank 0): 0.000 GB/s		-nan ns
        -Bandwidth / Latency  (Bank 1): 0.000 GB/s		-nan ns
        -Bandwidth / Latency  (Bank 2): 0.000 GB/s		-nan ns
        -Bandwidth / Latency  (Bank 3): 0.000 GB/s		-nan ns
        -Bandwidth / Latency  (Bank 4): 0.000 GB/s		-nan ns
        -Bandwidth / Latency  (Bank 5): 0.000 GB/s		-nan ns
        -Bandwidth / Latency  (Bank 6): 0.000 GB/s		-nan ns
        -Bandwidth / Latency  (Bank 7): 0.000 GB/s		-nan ns
 == Power Data for Rank        15
   Average Power (watts)     : 0.000
     -Background (watts)     : 0.000
     -Act/Pre    (watts)     : 0.000
     -Burst      (watts)     : 0.000
     -Refresh    (watts)     : 0.000

 == Pending Transactions : 0 (0)==
==== Channel [0] ====
 =======================================================
 ============== Printing Statistics [id:0]==============
   Total Return Transactions : 12 (384 bytes) aggregate average bandwidth 1.987GB/s
      -Rank   0 : 
        -Reads  : 2 (64 bytes)
        -Writes : 1 (32 bytes)
        -Bandwidth / Latency  (Bank 0): 0.497 GB/s		79.500 ns
        -Bandwidth / Latency  (Bank 1): 0.000 GB/s		-nan ns
        -Bandwidth / Latency  (Bank 2): 0.000 GB/s		-nan ns
        -Bandwidth / Latency  (Bank 3): 0.000 GB/s		-nan ns
        -Bandwidth / Latency  (Bank 4): 0.000 GB/s		-nan ns
        -Bandwidth / Latency  (Bank 5): 0.000 GB/s		-nan ns
        -Bandwidth / Latency  (Bank 6): 0.000 GB/s		-nan ns
        -Bandwidth / Latency  (Bank 7): 0.000 GB/s		-nan ns
 == Power Data for Rank        0
   Average Power (watts)     : 1.300
     -Background (watts)     : 0.752
     -Act/Pre    (watts)     : 0.432
     -Burst      (watts)     : 0.115
     -Refresh    (watts)     : 0.000
      -Rank   1 : 
        -Reads  : 1 (32 bytes)
        -Writes : 0 (0 bytes)
        -Bandwidth / Latency  (Bank 0): 0.166 GB/s		69.000 ns
        -Bandwidth / Latency  (Bank 1): 0.000 GB/s		-nan ns
        -Bandwidth / Latency  (Bank 2): 0.000 GB/s		-nan ns
        -Bandwidth / Latency  (Bank 3): 0.000 GB/s		-nan ns
        -Bandwidth / Latency  (Bank 4): 0.000 GB/s		-nan ns
        -Bandwidth / Latency  (Bank 5): 0.000 GB/s		-nan ns
        -Bandwidth / Latency  (Bank 6): 0.000 GB/s		-nan ns
        -Bandwidth / Latency  (Bank 7): 0.000 GB/s		-nan ns
 == Power Data for Rank        1
   Average Power (watts)     : 0.515
     -Background (watts)     : 0.333
     -Act/Pre    (watts)     : 0.144
     -Burst      (watts)     : 0.038
     -Refresh    (watts)     : 0.000
      -Rank   2 : 
        -Reads  : 1 (32 bytes)
        -Writes : 0 (0 bytes)
        -Bandwidth / Latency  (Bank 0): 0.166 GB/s		84.000 ns
        -Bandwidth / Latency  (Bank 1): 0.000 GB/s		-nan ns
        -Bandwidth / Latency  (Bank 2): 0.000 GB/s		-nan ns
        -Bandwidth / Latency  (Bank 3): 0.000 GB/s		-nan ns
        -Bandwidth / Latency  (Bank 4): 0.000 GB/s		-nan ns
        -Bandwidth / Latency  (Bank 5): 0.000 GB/s		-nan ns
        -Bandwidth / Latency  (Bank 6): 0.000 GB/s		-nan ns
        -Bandwidth / Latency  (Bank 7): 0.000 GB/s		-nan ns
 == Power Data for Rank        2
   Average Power (watts)     : 0.581
     -Background (watts)     : 0.398
     -Act/Pre    (watts)     : 0.144
     -Burst      (watts)     : 0.038
     -Refresh    (watts)     : 0.000
      -Rank   3 : 
        -Reads  : 1 (32 bytes)
        -Writes : 0 (0 bytes)
        -Bandwidth / Latency  (Bank 0): 0.166 GB/s		72.000 ns
        -Bandwidth / Latency  (Bank 1): 0.000 GB/s		-nan ns
        -Bandwidth / Latency  (Bank 2): 0.000 GB/s		-nan ns
        -Bandwidth / Latency  (Bank 3): 0.000 GB/s		-nan ns
        -Bandwidth / Latency  (Bank 4): 0.000 GB/s		-nan ns
        -Bandwidth / Latency  (Bank 5): 0.000 GB/s		-nan ns
        -Bandwidth / Latency  (Bank 6): 0.000 GB/s		-nan ns
        -Bandwidth / Latency  (Bank 7): 0.000 GB/s		-nan ns
 == Power Data for Rank        3
   Average Power (watts)     : 0.542
     -Background (watts)     : 0.360
     -Act/Pre    (watts)     : 0.144
     -Burst      (watts)     : 0.038
     -Refresh    (watts)     : 0.000
      -Rank   4 : 
        -Reads  : 1 (32 bytes)
        -Writes : 0 (0 bytes)
        -Bandwidth / Latency  (Bank 0): 0.166 GB/s		87.000 ns
        -Bandwidth / Latency  (Bank 1): 0.000 GB/s		-nan ns
        -Bandwidth / Latency  (Bank 2): 0.000 GB/s		-nan ns
        -Bandwidth / Latency  (Bank 3): 0.000 GB/s		-nan ns
        -Bandwidth / Latency  (Bank 4): 0.000 GB/s		-nan ns
        -Bandwidth / Latency  (Bank 5): 0.000 GB/s		-nan ns
        -Bandwidth / Latency  (Bank 6): 0.000 GB/s		-nan ns
        -Bandwidth / Latency  (Bank 7): 0.000 GB/s		-nan ns
 == Power Data for Rank        4
   Average Power (watts)     : 0.600
     -Background (watts)     : 0.418
     -Act/Pre    (watts)     : 0.144
     -Burst      (watts)     : 0.038
     -Refresh    (watts)     : 0.000
      -Rank   5 : 
        -Reads  : 1 (32 bytes)
        -Writes : 0 (0 bytes)
        -Bandwidth / Latency  (Bank 0): 0.166 GB/s		120.000 ns
        -Bandwidth / Latency  (Bank 1): 0.000 GB/s		-nan ns
        -Bandwidth / Latency  (Bank 2): 0.000 GB/s		-nan ns
        -Bandwidth / Latency  (Bank 3): 0.000 GB/s		-nan ns
        -Bandwidth / Latency  (Bank 4): 0.000 GB/s		-nan ns
        -Bandwidth / Latency  (Bank 5): 0.000 GB/s		-nan ns
        -Bandwidth / Latency  (Bank 6): 0.000 GB/s		-nan ns
        -Bandwidth / Latency  (Bank 7): 0.000 GB/s		-nan ns
 == Power Data for Rank        5
   Average Power (watts)     : 0.727
     -Background (watts)     : 0.544
     -Act/Pre    (watts)     : 0.144
     -Burst      (watts)     : 0.038
     -Refresh    (watts)     : 0.000
      -Rank   6 : 
        -Reads  : 1 (32 bytes)
        -Writes : 0 (0 bytes)
        -Bandwidth / Latency  (Bank 0): 0.166 GB/s		90.000 ns
        -Bandwidth / Latency  (Bank 1): 0.000 GB/s		-nan ns
        -Bandwidth / Latency  (Bank 2): 0.000 GB/s		-nan ns
        -Bandwidth / Latency  (Bank 3): 0.000 GB/s		-nan ns
        -Bandwidth / Latency  (Bank 4): 0.000 GB/s		-nan ns
        -Bandwidth / Latency  (Bank 5): 0.000 GB/s		-nan ns
        -Bandwidth / Latency  (Bank 6): 0.000 GB/s		-nan ns
        -Bandwidth / Latency  (Bank 7): 0.000 GB/s		-nan ns
 == Power Data for Rank        6
   Average Power (watts)     : 0.612
     -Background (watts)     : 0.429
     -Act/Pre    (watts)     : 0.144
     -Burst      (watts)     : 0.038
     -Refresh    (watts)     : 0.000
      -Rank   7 : 
        -Reads  : 1 (32 bytes)
        -Writes : 0 (0 bytes)
        -Bandwidth / Latency  (Bank 0): 0.166 GB/s		123.000 ns
        -Bandwidth / Latency  (Bank 1): 0.000 GB/s		-nan ns
        -Bandwidth / Latency  (Bank 2): 0.000 GB/s		-nan ns
        -Bandwidth / Latency  (Bank 3): 0.000 GB/s		-nan ns
        -Bandwidth / Latency  (Bank 4): 0.000 GB/s		-nan ns
        -Bandwidth / Latency  (Bank 5): 0.000 GB/s		-nan ns
        -Bandwidth / Latency  (Bank 6): 0.000 GB/s		-nan ns
        -Bandwidth / Latency  (Bank 7): 0.000 GB/s		-nan ns
 == Power Data for Rank        7
   Average Power (watts)     : 0.738
     -Background (watts)     : 0.556
     -Act/Pre    (watts)     : 0.144
     -Burst      (watts)     : 0.038
     -Refresh    (watts)     : 0.000
      -Rank   8 : 
        -Reads  : 1 (32 bytes)
        -Writes : 0 (0 bytes)
        -Bandwidth / Latency  (Bank 0): 0.166 GB/s		93.000 ns
        -Bandwidth / Latency  (Bank 1): 0.000 GB/s		-nan ns
        -Bandwidth / Latency  (Bank 2): 0.000 GB/s		-nan ns
        -Bandwidth / Latency  (Bank 3): 0.000 GB/s		-nan ns
        -Bandwidth / Latency  (Bank 4): 0.000 GB/s		-nan ns
        -Bandwidth / Latency  (Bank 5): 0.000 GB/s		-nan ns
        -Bandwidth / Latency  (Bank 6): 0.000 GB/s		-nan ns
        -Bandwidth / Latency  (Bank 7): 0.000 GB/s		-nan ns
 == Power Data for Rank        8
   Average Power (watts)     : 0.623
     -Background (watts)     : 0.441
     -Act/Pre    (watts)     : 0.144
     -Burst      (watts)     : 0.038
     -Refresh    (watts)     : 0.000
      -Rank   9 : 
        -Reads  : 1 (32 bytes)
        -Writes : 0 (0 bytes)
        -Bandwidth / Latency  (Bank 0): 0.166 GB/s		126.000 ns
        -Bandwidth / Latency  (Bank 1): 0.000 GB/s		-nan ns
        -Bandwidth / Latency  (Bank 2): 0.000 GB/s		-nan ns
        -Bandwidth / Latency  (Bank 3): 0.000 GB/s		-nan ns
        -Bandwidth / Latency  (Bank 4): 0.000 GB/s		-nan ns
        -Bandwidth / Latency  (Bank 5): 0.000 GB/s		-nan ns
        -Bandwidth / Latency  (Bank 6): 0.000 GB/s		-nan ns
        -Bandwidth / Latency  (Bank 7): 0.000 GB/s		-nan ns
 == Power Data for Rank        9
   Average Power (watts)     : 0.738
     -Background (watts)     : 0.556
     -Act/Pre    (watts)     : 0.144
     -Burst      (watts)     : 0.038
     -Refresh    (watts)     : 0.000
      -Rank   10 : 
        -Reads  : 0 (0 bytes)
        -Writes : 0 (0 bytes)
        -Bandwidth / Latency  (Bank 0): 0.000 GB/s		-nan ns
        -Bandwidth / Latency  (Bank 1): 0.000 GB/s		-nan ns
        -Bandwidth / Latency  (Bank 2): 0.000 GB/s		-nan ns
        -Bandwidth / Latency  (Bank 3): 0.000 GB/s		-nan ns
        -Bandwidth / Latency  (Bank 4): 0.000 GB/s		-nan ns
        -Bandwidth / Latency  (Bank 5): 0.000 GB/s		-nan ns
        -Bandwidth / Latency  (Bank 6): 0.000 GB/s		-nan ns
        -Bandwidth / Latency  (Bank 7): 0.000 GB/s		-nan ns
 == Power Data for Rank        10
   Average Power (watts)     : 0.101
     -Background (watts)     : 0.101
     -Act/Pre    (watts)     : 0.000
     -Burst      (watts)     : 0.000
     -Refresh    (watts)     : 0.000
      -Rank   11 : 
        -Reads  : 0 (0 bytes)
        -Writes : 0 (0 bytes)
        -Bandwidth / Latency  (Bank 0): 0.000 GB/s		-nan ns
        -Bandwidth / Latency  (Bank 1): 0.000 GB/s		-nan ns
        -Bandwidth / Latency  (Bank 2): 0.000 GB/s		-nan ns
        -Bandwidth / Latency  (Bank 3): 0.000 GB/s		-nan ns
        -Bandwidth / Latency  (Bank 4): 0.000 GB/s		-nan ns
        -Bandwidth / Latency  (Bank 5): 0.000 GB/s		-nan ns
        -Bandwidth / Latency  (Bank 6): 0.000 GB/s		-nan ns
        -Bandwidth / Latency  (Bank 7): 0.000 GB/s		-nan ns
 == Power Data for Rank        11
   Average Power (watts)     : 0.101
     -Background (watts)     : 0.101
     -Act/Pre    (watts)     : 0.000
     -Burst      (watts)     : 0.000
     -Refresh    (watts)     : 0.000
      -Rank   12 : 
        -Reads  : 0 (0 bytes)
        -Writes : 0 (0 bytes)
        -Bandwidth / Latency  (Bank 0): 0.000 GB/s		-nan ns
        -Bandwidth / Latency  (Bank 1): 0.000 GB/s		-nan ns
        -Bandwidth / Latency  (Bank 2): 0.000 GB/s		-nan ns
        -Bandwidth / Latency  (Bank 3): 0.000 GB/s		-nan ns
        -Bandwidth / Latency  (Bank 4): 0.000 GB/s		-nan ns
        -Bandwidth / Latency  (Bank 5): 0.000 GB/s		-nan ns
        -Bandwidth / Latency  (Bank 6): 0.000 GB/s		-nan ns
        -Bandwidth / Latency  (Bank 7): 0.000 GB/s		-nan ns
 == Power Data for Rank        12
   Average Power (watts)     : 0.101
     -Background (watts)     : 0.101
     -Act/Pre    (watts)     : 0.000
     -Burst      (watts)     : 0.000
     -Refresh    (watts)     : 0.000
      -Rank   13 : 
        -Reads  : 0 (0 bytes)
        -Writes : 0 (0 bytes)
        -Bandwidth / Latency  (Bank 0): 0.000 GB/s		-nan ns
        -Bandwidth / Latency  (Bank 1): 0.000 GB/s		-nan ns
        -Bandwidth / Latency  (Bank 2): 0.000 GB/s		-nan ns
        -Bandwidth / Latency  (Bank 3): 0.000 GB/s		-nan ns
        -Bandwidth / Latency  (Bank 4): 0.000 GB/s		-nan ns
        -Bandwidth / Latency  (Bank 5): 0.000 GB/s		-nan ns
        -Bandwidth / Latency  (Bank 6): 0.000 GB/s		-nan ns
        -Bandwidth / Latency  (Bank 7): 0.000 GB/s		-nan ns
 == Power Data for Rank        13
   Average Power (watts)     : 0.101
     -Background (watts)     : 0.101
     -Act/Pre    (watts)     : 0.000
     -Burst      (watts)     : 0.000
     -Refresh    (watts)     : 0.000
      -Rank   14 : 
        -Reads  : 0 (0 bytes)
        -Writes : 0 (0 bytes)
        -Bandwidth / Latency  (Bank 0): 0.000 GB/s		-nan ns
        -Bandwidth / Latency  (Bank 1): 0.000 GB/s		-nan ns
        -Bandwidth / Latency  (Bank 2): 0.000 GB/s		-nan ns
        -Bandwidth / Latency  (Bank 3): 0.000 GB/s		-nan ns
        -Bandwidth / Latency  (Bank 4): 0.000 GB/s		-nan ns
        -Bandwidth / Latency  (Bank 5): 0.000 GB/s		-nan ns
        -Bandwidth / Latency  (Bank 6): 0.000 GB/s		-nan ns
        -Bandwidth / Latency  (Bank 7): 0.000 GB/s		-nan ns
 == Power Data for Rank        14
   Average Power (watts)     : 0.101
     -Background (watts)     : 0.101
     -Act/Pre    (watts)     : 0.000
     -Burst      (watts)     : 0.000
     -Refresh    (watts)     : 0.000
      -Rank   15 : 
        -Reads  : 0 (0 bytes)
        -Writes : 0 (0 bytes)
        -Bandwidth / Latency  (Bank 0): 0.000 GB/s		-nan ns
        -Bandwidth / Latency  (Bank 1): 0.000 GB/s		-nan ns
        -Bandwidth / Latency  (Bank 2): 0.000 GB/s		-nan ns
        -Bandwidth / Latency  (Bank 3): 0.000 GB/s		-nan ns
        -Bandwidth / Latency  (Bank 4): 0.000 GB/s		-nan ns
        -Bandwidth / Latency  (Bank 5): 0.000 GB/s		-nan ns
        -Bandwidth / Latency  (Bank 6): 0.000 GB/s		-nan ns
        -Bandwidth / Latency  (Bank 7): 0.000 GB/s		-nan ns
 == Power Data for Rank        15
   Average Power (watts)     : 0.101
     -Background (watts)     : 0.101
     -Act/Pre    (watts)     : 0.000
     -Burst      (watts)     : 0.000
     -Refresh    (watts)     : 0.000

 == Pending Transactions : 0 (60)==
//// Channel [0] ////
