 =======================================================
 ============== Printing Statistics [id:0]==============
   Total Return Transactions : 0 (0 bytes) aggregate average bandwidth 0.000GB/s
      -Rank   0 : 
        -Reads  : 0 (0 bytes)
        -Writes : 0 (0 bytes)
        -Bandwidth / Latency  (Bank 0): 0.000 GB/s		-nan ns
        -Bandwidth / Latency  (Bank 1): 0.000 GB/s		-nan ns
        -Bandwidth / Latency  (Bank 2): 0.000 GB/s		-nan ns
        -Bandwidth / Latency  (Bank 3): 0.000 GB/s		-nan ns
        -Bandwidth / Latency  (Bank 4): 0.000 GB/s		-nan ns
        -Bandwidth / Latency  (Bank 5): 0.000 GB/s		-nan ns
        -Bandwidth / Latency  (Bank 6): 0.000 GB/s		-nan ns
        -Bandwidth / Latency  (Bank 7): 0.000 GB/s		-nan ns
 == Power Data for Rank        0
   Average Power (watts)     : 0.000
     -Background (watts)     : 0.000
     -Act/Pre    (watts)     : 0.000
     -Burst      (watts)     : 0.000
     -Refresh    (watts)     : 0.000
      -Rank   1 : 
        -Reads  : 0 (0 bytes)
        -Writes : 0 (0 bytes)
        -Bandwidth / Latency  (Bank 0): 0.000 GB/s		-nan ns
        -Bandwidth / Latency  (Bank 1): 0.000 GB/s		-nan ns
        -Bandwidth / Latency  (Bank 2): 0.000 GB/s		-nan ns
        -Bandwidth / Latency  (Bank 3): 0.000 GB/s		-nan ns
        -Bandwidth / Latency  (Bank 4): 0.000 GB/s		-nan ns
        -Bandwidth / Latency  (Bank 5): 0.000 GB/s		-nan ns
        -Bandwidth / Latency  (Bank 6): 0.000 GB/s		-nan ns
        -Bandwidth / Latency  (Bank 7): 0.000 GB/s		-nan ns
 == Power Data for Rank        1
   Average Power (watts)     : 0.000
     -Background (watts)     : 0.000
     -Act/Pre    (watts)     : 0.000
     -Burst      (watts)     : 0.000
     -Refresh    (watts)     : 0.000
      -Rank   2 : 
        -Reads  : 0 (0 bytes)
        -Writes : 0 (0 bytes)
        -Bandwidth / Latency  (Bank 0): 0.000 GB/s		-nan ns
        -Bandwidth / Latency  (Bank 1): 0.000 GB/s		-nan ns
        -Bandwidth / Latency  (Bank 2): 0.000 GB/s		-nan ns
        -Bandwidth / Latency  (Bank 3): 0.000 GB/s		-nan ns
        -Bandwidth / Latency  (Bank 4): 0.000 GB/s		-nan ns
        -Bandwidth / Latency  (Bank 5): 0.000 GB/s		-nan ns
        -Bandwidth / Latency  (Bank 6): 0.000 GB/s		-nan ns
        -Bandwidth / Latency  (Bank 7): 0.000 GB/s		-nan ns
 == Power Data for Rank        2
   Average Power (watts)     : 0.000
     -Background (watts)     : 0.000
     -Act/Pre    (watts)     : 0.000
     -Burst      (watts)     : 0.000
     -Refresh    (watts)     : 0.000
      -Rank   3 : 
        -Reads  : 0 (0 bytes)
        -Writes : 0 (0 bytes)
        -Bandwidth / Latency  (Bank 0): 0.000 GB/s		-nan ns
        -Bandwidth / Latency  (Bank 1): 0.000 GB/s		-nan ns
        -Bandwidth / Latency  (Bank 2): 0.000 GB/s		-nan ns
        -Bandwidth / Latency  (Bank 3): 0.000 GB/s		-nan ns
        -Bandwidth / Latency  (Bank 4): 0.000 GB/s		-nan ns
        -Bandwidth / Latency  (Bank 5): 0.000 GB/s		-nan ns
        -Bandwidth / Latency  (Bank 6): 0.000 GB/s		-nan ns
        -Bandwidth / Latency  (Bank 7): 0.000 GB/s		-nan ns
 == Power Data for Rank        3
   Average Power (watts)     : 0.000
     -Background (watts)     : 0.000
     -Act/Pre    (watts)     : 0.000
     -Burst      (watts)     : 0.000
     -Refresh    (watts)     : 0.000
      -Rank   4 : 
        -Reads  : 0 (0 bytes)
        -Writes : 0 (0 bytes)
        -Bandwidth / Latency  (Bank 0): 0.000 GB/s		-nan ns
        -Bandwidth / Latency  (Bank 1): 0.000 GB/s		-nan ns
        -Bandwidth / Latency  (Bank 2): 0.000 GB/s		-nan ns
        -Bandwidth / Latency  (Bank 3): 0.000 GB/s		-nan ns
        -Bandwidth / Latency  (Bank 4): 0.000 GB/s		-nan ns
        -Bandwidth / Latency  (Bank 5): 0.000 GB/s		-nan ns
        -Bandwidth / Latency  (Bank 6): 0.000 GB/s		-nan ns
        -Bandwidth / Latency  (Bank 7): 0.000 GB/s		-nan ns
 == Power Data for Rank        4
   Average Power (watts)     : 0.000
     -Background (watts)     : 0.000
     -Act/Pre    (watts)     : 0.000
     -Burst      (watts)     : 0.000
     -Refresh    (watts)     : 0.000
      -Rank   5 : 
        -Reads  : 0 (0 bytes)
        -Writes : 0 (0 bytes)
        -Bandwidth / Latency  (Bank 0): 0.000 GB/s		-nan ns
        -Bandwidth / Latency  (Bank 1): 0.000 GB/s		-nan ns
        -Bandwidth / Latency  (Bank 2): 0.000 GB/s		-nan ns
        -Bandwidth / Latency  (Bank 3): 0.000 GB/s		-nan ns
        -Bandwidth / Latency  (Bank 4): 0.000 GB/s		-nan ns
        -Bandwidth / Latency  (Bank 5): 0.000 GB/s		-nan ns
        -Bandwidth / Latency  (Bank 6): 0.000 GB/s		-nan ns
        -Bandwidth / Latency  (Bank 7): 0.000 GB/s		-nan ns
 == Power Data for Rank        5
   Average Power (watts)     : 0.000
     -Background (watts)     : 0.000
     -Act/Pre    (watts)     : 0.000
     -Burst      (watts)     : 0.000
     -Refresh    (watts)     : 0.000
      -Rank   6 : 
        -Reads  : 0 (0 bytes)
        -Writes : 0 (0 bytes)
        -Bandwidth / Latency  (Bank 0): 0.000 GB/s		-nan ns
        -Bandwidth / Latency  (Bank 1): 0.000 GB/s		-nan ns
        -Bandwidth / Latency  (Bank 2): 0.000 GB/s		-nan ns
        -Bandwidth / Latency  (Bank 3): 0.000 GB/s		-nan ns
        -Bandwidth / Latency  (Bank 4): 0.000 GB/s		-nan ns
        -Bandwidth / Latency  (Bank 5): 0.000 GB/s		-nan ns
        -Bandwidth / Latency  (Bank 6): 0.000 GB/s		-nan ns
        -Bandwidth / Latency  (Bank 7): 0.000 GB/s		-nan ns
 == Power Data for Rank        6
   Average Power (watts)     : 0.000
     -Background (watts)     : 0.000
     -Act/Pre    (watts)     : 0.000
     -Burst      (watts)     : 0.000
     -Refresh    (watts)     : 0.000
      -Rank   7 : 
        -Reads  : 0 (0 bytes)
        -Writes : 0 (0 bytes)
        -Bandwidth / Latency  (Bank 0): 0.000 GB/s		-nan ns
        -Bandwidth / Latency  (Bank 1): 0.000 GB/s		-nan ns
        -Bandwidth / Latency  (Bank 2): 0.000 GB/s		-nan ns
        -Bandwidth / Latency  (Bank 3): 0.000 GB/s		-nan ns
        -Bandwidth / Latency  (Bank 4): 0.000 GB/s		-nan ns
        -Bandwidth / Latency  (Bank 5): 0.000 GB/s		-nan ns
        -Bandwidth / Latency  (Bank 6): 0.000 GB/s		-nan ns
        -Bandwidth / Latency  (Bank 7): 0.000 GB/s		-nan ns
 == Power Data for Rank        7
   Average Power (watts)     : 0.000
     -Background (watts)     : 0.000
     -Act/Pre    (watts)     : 0.000
     -Burst      (watts)     : 0.000
     -Refresh    (watts)     : 0.000
      -Rank   8 : 
        -Reads  : 0 (0 bytes)
        -Writes : 0 (0 bytes)
        -Bandwidth / Latency  (Bank 0): 0.000 GB/s		-nan ns
        -Bandwidth / Latency  (Bank 1): 0.000 GB/s		-nan ns
        -Bandwidth / Latency  (Bank 2): 0.000 GB/s		-nan ns
        -Bandwidth / Latency  (Bank 3): 0.000 GB/s		-nan ns
        -Bandwidth / Latency  (Bank 4): 0.000 GB/s		-nan ns
        -Bandwidth / Latency  (Bank 5): 0.000 GB/s		-nan ns
        -Bandwidth / Latency  (Bank 6): 0.000 GB/s		-nan ns
        -Bandwidth / Latency  (Bank 7): 0.000 GB/s		-nan ns
 == Power Data for Rank        8
   Average Power (watts)     : 0.000
     -Background (watts)     : 0.000
     -Act/Pre    (watts)     : 0.000
     -Burst      (watts)     : 0.000
     -Refresh    (watts)     : 0.000
      -Rank   9 : 
        -Reads  : 0 (0 bytes)
        -Writes : 0 (0 bytes)
        -Bandwidth / Latency  (Bank 0): 0.000 GB/s		-nan ns
        -Bandwidth / Latency  (Bank 1): 0.000 GB/s		-nan ns
        -Bandwidth / Latency  (Bank 2): 0.000 GB/s		-nan ns
        -Bandwidth / Latency  (Bank 3): 0.000 GB/s		-nan ns
        -Bandwidth / Latency  (Bank 4): 0.000 GB/s		-nan ns
        -Bandwidth / Latency  (Bank 5): 0.000 GB/s		-nan ns
        -Bandwidth / Latency  (Bank 6): 0.000 GB/s		-nan ns
        -Bandwidth / Latency  (Bank 7): 0.000 GB/s		-nan ns
 == Power Data for Rank        9
   Average Power (watts)     : 0.000
     -Background (watts)     : 0.000
     -Act/Pre    (watts)     : 0.000
     -Burst      (watts)     : 0.000
     -Refresh    (watts)     : 0.000
      -Rank   10 : 
        -Reads  : 0 (0 bytes)
        -Writes : 0 (0 bytes)
        -Bandwidth / Latency  (Bank 0): 0.000 GB/s		-nan ns
        -Bandwidth / Latency  (Bank 1): 0.000 GB/s		-nan ns
        -Bandwidth / Latency  (Bank 2): 0.000 GB/s		-nan ns
        -Bandwidth / Latency  (Bank 3): 0.000 GB/s		-nan ns
        -Bandwidth / Latency  (Bank 4): 0.000 GB/s		-nan ns
        -Bandwidth / Latency  (Bank 5): 0.000 GB/s		-nan ns
        -Bandwidth / Latency  (Bank 6): 0.000 GB/s		-nan ns
        -Bandwidth / Latency  (Bank 7): 0.000 GB/s		-nan ns
 == Power Data for Rank        10
   Average Power (watts)     : 0.000
     -Background (watts)     : 0.000
     -Act/Pre    (watts)     : 0.000
     -Burst      (watts)     : 0.000
     -Refresh    (watts)     : 0.000
      -Rank   11 : 
        -Reads  : 0 (0 bytes)
        -Writes : 0 (0 bytes)
        -Bandwidth / Latency  (Bank 0): 0.000 GB/s		-nan ns
        -Bandwidth / Latency  (Bank 1): 0.000 GB/s		-nan ns
        -Bandwidth / Latency  (Bank 2): 0.000 GB/s		-nan ns
        -Bandwidth / Latency  (Bank 3): 0.000 GB/s		-nan ns
        -Bandwidth / Latency  (Bank 4): 0.000 GB/s		-nan ns
        -Bandwidth / Latency  (Bank 5): 0.000 GB/s		-nan ns
        -Bandwidth / Latency  (Bank 6): 0.000 GB/s		-nan ns
        -Bandwidth / Latency  (Bank 7): 0.000 GB/s		-nan ns
 == Power Data for Rank        11
   Average Power (watts)     : 0.000
     -Background (watts)     : 0.000
     -Act/Pre    (watts)     : 0.000
     -Burst      (watts)     : 0.000
     -Refresh    (watts)     : 0.000
      -Rank   12 : 
        -Reads  : 0 (0 bytes)
        -Writes : 0 (0 bytes)
        -Bandwidth / Latency  (Bank 0): 0.000 GB/s		-nan ns
        -Bandwidth / Latency  (Bank 1): 0.000 GB/s		-nan ns
        -Bandwidth / Latency  (Bank 2): 0.000 GB/s		-nan ns
        -Bandwidth / Latency  (Bank 3): 0.000 GB/s		-nan ns
        -Bandwidth / Latency  (Bank 4): 0.000 GB/s		-nan ns
        -Bandwidth / Latency  (Bank 5): 0.000 GB/s		-nan ns
        -Bandwidth / Latency  (Bank 6): 0.000 GB/s		-nan ns
        -Bandwidth / Latency  (Bank 7): 0.000 GB/s		-nan ns
 == Power Data for Rank        12
   Average Power (watts)     : 0.000
     -Background (watts)     : 0.000
     -Act/Pre    (watts)     : 0.000
     -Burst      (watts)     : 0.000
     -Refresh    (watts)     : 0.000
      -Rank   13 : 
        -Reads  : 0 (0 bytes)
        -Writes : 0 (0 bytes)
        -Bandwidth / Latency  (Bank 0): 0.000 GB/s		-nan ns
        -Bandwidth / Latency  (Bank 1): 0.000 GB/s		-nan ns
        -Bandwidth / Latency  (Bank 2): 0.000 GB/s		-nan ns
        -Bandwidth / Latency  (Bank 3): 0.000 GB/s		-nan ns
        -Bandwidth / Latency  (Bank 4): 0.000 GB/s		-nan ns
        -Bandwidth / Latency  (Bank 5): 0.000 GB/s		-nan ns
        -Bandwidth / Latency  (Bank 6): 0.000 GB/s		-nan ns
        -Bandwidth / Latency  (Bank 7): 0.000 GB/s		-nan ns
 == Power Data for Rank        13
   Average Power (watts)     : 0.000
     -Background (watts)     : 0.000
     -Act/Pre    (watts)     : 0.000
     -Burst      (watts)     : 0.000
     -Refresh    (watts)     : 0.000
      -Rank   14 : 
        -Reads  : 0 (0 bytes)
        -Writes : 0 (0 bytes)
        -Bandwidth / Latency  (Bank 0): 0.000 GB/s		-nan ns
        -Bandwidth / Latency  (Bank 1): 0.000 GB/s		-nan ns
        -Bandwidth / Latency  (Bank 2): 0.000 GB/s		-nan ns
        -Bandwidth / Latency  (Bank 3): 0.000 GB/s		-nan ns
        -Bandwidth / Latency  (Bank 4): 0.000 GB/s		-nan ns
        -Bandwidth / Latency  (Bank 5): 0.000 GB/s		-nan ns
        -Bandwidth / Latency  (Bank 6): 0.000 GB/s		-nan ns
        -Bandwidth / Latency  (Bank 7): 0.000 GB/s		-nan ns
 == Power Data for Rank        14
   Average Power (watts)     : 0.000
     -Background (watts)     : 0.000
     -Act/Pre    (watts)     : 0.000
     -Burst      (watts)     : 0.000
     -Refresh    (watts)     : 0.000
      -Rank   15 : 
        -Reads  : 0 (0 bytes)
        -Writes : 0 (0 bytes)
        -Bandwidth / Latency  (Bank 0): 0.000 GB/s		-nan ns
        -Bandwidth / Latency  (Bank 1): 0.000 GB/s		-nan ns
        -Bandwidth / Latency  (Bank 2): 0.000 GB/s		-nan ns
        -Bandwidth / Latency  (Bank 3): 0.000 GB/s		-nan ns
        -Bandwidth / Latency  (Bank 4): 0.000 GB/s		-nan ns
        -Bandwidth / Latency  (Bank 5): 0.000 GB/s		-nan ns
        -Bandwidth / Latency  (Bank 6): 0.000 GB/s		-nan ns
        -Bandwidth / Latency  (Bank 7): 0.000 GB/s		-nan ns
 == Power Data for Rank        15
   Average Power (watts)     : 0.000
     -Background (watts)     : 0.000
     -Act/Pre    (watts)     : 0.000
     -Burst      (watts)     : 0.000
     -Refresh    (watts)     : 0.000

 == Pending Transactions : 0 (0)==
==== Channel [0] ====
 =======================================================
 ============== Printing Statistics [id:0]==============
   Total Return Transactions : 3 (96 bytes) aggregate average bandwidth 0.001GB/s
      -Rank   0 : 
        -Reads  : 2 (64 bytes)
        -Writes : 1 (32 bytes)
        -Bandwidth / Latency  (Bank 0): 0.001 GB/s		63.000 ns
        -Bandwidth / Latency  (Bank 1): 0.000 GB/s		-nan ns
        -Bandwidth / Latency  (Bank 2): 0.000 GB/s		-nan ns
        -Bandwidth / Latency  (Bank 3): 0.000 GB/s		-nan ns
        -Bandwidth / Latency  (Bank 4): 0.000 GB/s		-nan ns
        -Bandwidth / Latency  (Bank 5): 0.000 GB/s		-nan ns
        -Bandwidth / Latency  (Bank 6): 0.000 GB/s		-nan ns
        -Bandwidth / Latency  (Bank 7): 0.000 GB/s		-nan ns
 == Power Data for Rank        0
   Average Power (watts)     : 0.153
     -Background (watts)     : 0.113
     -Act/Pre    (watts)     : 0.001
     -Burst      (watts)     : 0.000
     -Refresh    (watts)     : 0.039
      -Rank   1 : 
        -Reads  : 0 (0 bytes)
        -Writes : 0 (0 bytes)
        -Bandwidth / Latency  (Bank 0): 0.000 GB/s		-nan ns
        -Bandwidth / Latency  (Bank 1): 0.000 GB/s		-nan ns
        -Bandwidth / Latency  (Bank 2): 0.000 GB/s		-nan ns
        -Bandwidth / Latency  (Bank 3): 0.000 GB/s		-nan ns
        -Bandwidth / Latency  (Bank 4): 0.000 GB/s		-nan ns
        -Bandwidth / Latency  (Bank 5): 0.000 GB/s		-nan ns
        -Bandwidth / Latency  (Bank 6): 0.000 GB/s		-nan ns
        -Bandwidth / Latency  (Bank 7): 0.000 GB/s		-nan ns
 == Power Data for Rank        1
   Average Power (watts)     : 0.151
     -Background (watts)     : 0.113
     -Act/Pre    (watts)     : 0.000
     -Burst      (watts)     : 0.000
     -Refresh    (watts)     : 0.039
      -Rank   2 : 
        -Reads  : 0 (0 bytes)
        -Writes : 0 (0 bytes)
        -Bandwidth / Latency  (Bank 0): 0.000 GB/s		-nan ns
        -Bandwidth / Latency  (Bank 1): 0.000 GB/s		-nan ns
        -Bandwidth / Latency  (Bank 2): 0.000 GB/s		-nan ns
        -Bandwidth / Latency  (Bank 3): 0.000 GB/s		-nan ns
        -Bandwidth / Latency  (Bank 4): 0.000 GB/s		-nan ns
        -Bandwidth / Latency  (Bank 5): 0.000 GB/s		-nan ns
        -Bandwidth / Latency  (Bank 6): 0.000 GB/s		-nan ns
        -Bandwidth / Latency  (Bank 7): 0.000 GB/s		-nan ns
 == Power Data for Rank        2
   Average Power (watts)     : 0.151
     -Background (watts)     : 0.113
     -Act/Pre    (watts)     : 0.000
     -Burst      (watts)     : 0.000
     -Refresh    (watts)     : 0.039
      -Rank   3 : 
        -Reads  : 0 (0 bytes)
        -Writes : 0 (0 bytes)
        -Bandwidth / Latency  (Bank 0): 0.000 GB/s		-nan ns
        -Bandwidth / Latency  (Bank 1): 0.000 GB/s		-nan ns
        -Bandwidth / Latency  (Bank 2): 0.000 GB/s		-nan ns
        -Bandwidth / Latency  (Bank 3): 0.000 GB/s		-nan ns
        -Bandwidth / Latency  (Bank 4): 0.000 GB/s		-nan ns
        -Bandwidth / Latency  (Bank 5): 0.000 GB/s		-nan ns
        -Bandwidth / Latency  (Bank 6): 0.000 GB/s		-nan ns
        -Bandwidth / Latency  (Bank 7): 0.000 GB/s		-nan ns
 == Power Data for Rank        3
   Average Power (watts)     : 0.151
     -Background (watts)     : 0.113
     -Act/Pre    (watts)     : 0.000
     -Burst      (watts)     : 0.000
     -Refresh    (watts)     : 0.039
      -Rank   4 : 
        -Reads  : 0 (0 bytes)
        -Writes : 0 (0 bytes)
        -Bandwidth / Latency  (Bank 0): 0.000 GB/s		-nan ns
        -Bandwidth / Latency  (Bank 1): 0.000 GB/s		-nan ns
        -Bandwidth / Latency  (Bank 2): 0.000 GB/s		-nan ns
        -Bandwidth / Latency  (Bank 3): 0.000 GB/s		-nan ns
        -Bandwidth / Latency  (Bank 4): 0.000 GB/s		-nan ns
        -Bandwidth / Latency  (Bank 5): 0.000 GB/s		-nan ns
        -Bandwidth / Latency  (Bank 6): 0.000 GB/s		-nan ns
        -Bandwidth / Latency  (Bank 7): 0.000 GB/s		-nan ns
 == Power Data for Rank        4
   Average Power (watts)     : 0.151
     -Background (watts)     : 0.113
     -Act/Pre    (watts)     : 0.000
     -Burst      (watts)     : 0.000
     -Refresh    (watts)     : 0.039
      -Rank   5 : 
        -Reads  : 0 (0 bytes)
        -Writes : 0 (0 bytes)
        -Bandwidth / Latency  (Bank 0): 0.000 GB/s		-nan ns
        -Bandwidth / Latency  (Bank 1): 0.000 GB/s		-nan ns
        -Bandwidth / Latency  (Bank 2): 0.000 GB/s		-nan ns
        -Bandwidth / Latency  (Bank 3): 0.000 GB/s		-nan ns
        -Bandwidth / Latency  (Bank 4): 0.000 GB/s		-nan ns
        -Bandwidth / Latency  (Bank 5): 0.000 GB/s		-nan ns
        -Bandwidth / Latency  (Bank 6): 0.000 GB/s		-nan ns
        -Bandwidth / Latency  (Bank 7): 0.000 GB/s		-nan ns
 == Power Data for Rank        5
   Average Power (watts)     : 0.151
     -Background (watts)     : 0.113
     -Act/Pre    (watts)     : 0.000
     -Burst      (watts)     : 0.000
     -Refresh    (watts)     : 0.039
      -Rank   6 : 
        -Reads  : 0 (0 bytes)
        -Writes : 0 (0 bytes)
        -Bandwidth / Latency  (Bank 0): 0.000 GB/s		-nan ns
        -Bandwidth / Latency  (Bank 1): 0.000 GB/s		-nan ns
        -Bandwidth / Latency  (Bank 2): 0.000 GB/s		-nan ns
        -Bandwidth / Latency  (Bank 3): 0.000 GB/s		-nan ns
        -Bandwidth / Latency  (Bank 4): 0.000 GB/s		-nan ns
        -Bandwidth / Latency  (Bank 5): 0.000 GB/s		-nan ns
        -Bandwidth / Latency  (Bank 6): 0.000 GB/s		-nan ns
        -Bandwidth / Latency  (Bank 7): 0.000 GB/s		-nan ns
 == Power Data for Rank        6
   Average Power (watts)     : 0.151
     -Background (watts)     : 0.113
     -Act/Pre    (watts)     : 0.000
     -Burst      (watts)     : 0.000
     -Refresh    (watts)     : 0.039
      -Rank   7 : 
        -Reads  : 0 (0 bytes)
        -Writes : 0 (0 bytes)
        -Bandwidth / Latency  (Bank 0): 0.000 GB/s		-nan ns
        -Bandwidth / Latency  (Bank 1): 0.000 GB/s		-nan ns
        -Bandwidth / Latency  (Bank 2): 0.000 GB/s		-nan ns
        -Bandwidth / Latency  (Bank 3): 0.000 GB/s		-nan ns
        -Bandwidth / Latency  (Bank 4): 0.000 GB/s		-nan ns
        -Bandwidth / Latency  (Bank 5): 0.000 GB/s		-nan ns
        -Bandwidth / Latency  (Bank 6): 0.000 GB/s		-nan ns
        -Bandwidth / Latency  (Bank 7): 0.000 GB/s		-nan ns
 == Power Data for Rank        7
   Average Power (watts)     : 0.151
     -Background (watts)     : 0.113
     -Act/Pre    (watts)     : 0.000
     -Burst      (watts)     : 0.000
     -Refresh    (watts)     : 0.039
      -Rank   8 : 
        -Reads  : 0 (0 bytes)
        -Writes : 0 (0 bytes)
        -Bandwidth / Latency  (Bank 0): 0.000 GB/s		-nan ns
        -Bandwidth / Latency  (Bank 1): 0.000 GB/s		-nan ns
        -Bandwidth / Latency  (Bank 2): 0.000 GB/s		-nan ns
        -Bandwidth / Latency  (Bank 3): 0.000 GB/s		-nan ns
        -Bandwidth / Latency  (Bank 4): 0.000 GB/s		-nan ns
        -Bandwidth / Latency  (Bank 5): 0.000 GB/s		-nan ns
        -Bandwidth / Latency  (Bank 6): 0.000 GB/s		-nan ns
        -Bandwidth / Latency  (Bank 7): 0.000 GB/s		-nan ns
 == Power Data for Rank        8
   Average Power (watts)     : 0.151
     -Background (watts)     : 0.113
     -Act/Pre    (watts)     : 0.000
     -Burst      (watts)     : 0.000
     -Refresh    (watts)     : 0.039
      -Rank   9 : 
        -Reads  : 0 (0 bytes)
        -Writes : 0 (0 bytes)
        -Bandwidth / Latency  (Bank 0): 0.000 GB/s		-nan ns
        -Bandwidth / Latency  (Bank 1): 0.000 GB/s		-nan ns
        -Bandwidth / Latency  (Bank 2): 0.000 GB/s		-nan ns
        -Bandwidth / Latency  (Bank 3): 0.000 GB/s		-nan ns
        -Bandwidth / Latency  (Bank 4): 0.000 GB/s		-nan ns
        -Bandwidth / Latency  (Bank 5): 0.000 GB/s		-nan ns
        -Bandwidth / Latency  (Bank 6): 0.000 GB/s		-nan ns
        -Bandwidth / Latency  (Bank 7): 0.000 GB/s		-nan ns
 == Power Data for Rank        9
   Average Power (watts)     : 0.151
     -Background (watts)     : 0.113
     -Act/Pre    (watts)     : 0.000
     -Burst      (watts)     : 0.000
     -Refresh    (watts)     : 0.039
      -Rank   10 : 
        -Reads  : 0 (0 bytes)
        -Writes : 0 (0 bytes)
        -Bandwidth / Latency  (Bank 0): 0.000 GB/s		-nan ns
        -Bandwidth / Latency  (Bank 1): 0.000 GB/s		-nan ns
        -Bandwidth / Latency  (Bank 2): 0.000 GB/s		-nan ns
        -Bandwidth / Latency  (Bank 3): 0.000 GB/s		-nan ns
        -Bandwidth / Latency  (Bank 4): 0.000 GB/s		-nan ns
        -Bandwidth / Latency  (Bank 5): 0.000 GB/s		-nan ns
        -Bandwidth / Latency  (Bank 6): 0.000 GB/s		-nan ns
        -Bandwidth / Latency  (Bank 7): 0.000 GB/s		-nan ns
 == Power Data for Rank        10
   Average Power (watts)     : 0.151
     -Background (watts)     : 0.113
     -Act/Pre    (watts)     : 0.000
     -Burst      (watts)     : 0.000
     -Refresh    (watts)     : 0.039
      -Rank   11 : 
        -Reads  : 0 (0 bytes)
        -Writes : 0 (0 bytes)
        -Bandwidth / Latency  (Bank 0): 0.000 GB/s		-nan ns
        -Bandwidth / Latency  (Bank 1): 0.000 GB/s		-nan ns
        -Bandwidth / Latency  (Bank 2): 0.000 GB/s		-nan ns
        -Bandwidth / Latency  (Bank 3): 0.000 GB/s		-nan ns
        -Bandwidth / Latency  (Bank 4): 0.000 GB/s		-nan ns
        -Bandwidth / Latency  (Bank 5): 0.000 GB/s		-nan ns
        -Bandwidth / Latency  (Bank 6): 0.000 GB/s		-nan ns
        -Bandwidth / Latency  (Bank 7): 0.000 GB/s		-nan ns
 == Power Data for Rank        11
   Average Power (watts)     : 0.151
     -Background (watts)     : 0.113
     -Act/Pre    (watts)     : 0.000
     -Burst      (watts)     : 0.000
     -Refresh    (watts)     : 0.039
      -Rank   12 : 
        -Reads  : 0 (0 bytes)
        -Writes : 0 (0 bytes)
        -Bandwidth / Latency  (Bank 0): 0.000 GB/s		-nan ns
        -Bandwidth / Latency  (Bank 1): 0.000 GB/s		-nan ns
        -Bandwidth / Latency  (Bank 2): 0.000 GB/s		-nan ns
        -Bandwidth / Latency  (Bank 3): 0.000 GB/s		-nan ns
        -Bandwidth / Latency  (Bank 4): 0.000 GB/s		-nan ns
        -Bandwidth / Latency  (Bank 5): 0.000 GB/s		-nan ns
        -Bandwidth / Latency  (Bank 6): 0.000 GB/s		-nan ns
        -Bandwidth / Latency  (Bank 7): 0.000 GB/s		-nan ns
 == Power Data for Rank        12
   Average Power (watts)     : 0.149
     -Background (watts)     : 0.112
     -Act/Pre    (watts)     : 0.000
     -Burst      (watts)     : 0.000
     -Refresh    (watts)     : 0.036
      -Rank   13 : 
        -Reads  : 0 (0 bytes)
        -Writes : 0 (0 bytes)
        -Bandwidth / Latency  (Bank 0): 0.000 GB/s		-nan ns
        -Bandwidth / Latency  (Bank 1): 0.000 GB/s		-nan ns
        -Bandwidth / Latency  (Bank 2): 0.000 GB/s		-nan ns
        -Bandwidth / Latency  (Bank 3): 0.000 GB/s		-nan ns
        -Bandwidth / Latency  (Bank 4): 0.000 GB/s		-nan ns
        -Bandwidth / Latency  (Bank 5): 0.000 GB/s		-nan ns
        -Bandwidth / Latency  (Bank 6): 0.000 GB/s		-nan ns
        -Bandwidth / Latency  (Bank 7): 0.000 GB/s		-nan ns
 == Power Data for Rank        13
   Average Power (watts)     : 0.149
     -Background (watts)     : 0.112
     -Act/Pre    (watts)     : 0.000
     -Burst      (watts)     : 0.000
     -Refresh    (watts)     : 0.036
      -Rank   14 : 
        -Reads  : 0 (0 bytes)
        -Writes : 0 (0 bytes)
        -Bandwidth / Latency  (Bank 0): 0.000 GB/s		-nan ns
        -Bandwidth / Latency  (Bank 1): 0.000 GB/s		-nan ns
        -Bandwidth / Latency  (Bank 2): 0.000 GB/s		-nan ns
        -Bandwidth / Latency  (Bank 3): 0.000 GB/s		-nan ns
        -Bandwidth / Latency  (Bank 4): 0.000 GB/s		-nan ns
        -Bandwidth / Latency  (Bank 5): 0.000 GB/s		-nan ns
        -Bandwidth / Latency  (Bank 6): 0.000 GB/s		-nan ns
        -Bandwidth / Latency  (Bank 7): 0.000 GB/s		-nan ns
 == Power Data for Rank        14
   Average Power (watts)     : 0.149
     -Background (watts)     : 0.112
     -Act/Pre    (watts)     : 0.000
     -Burst      (watts)     : 0.000
     -Refresh    (watts)     : 0.036
      -Rank   15 : 
        -Reads  : 0 (0 bytes)
        -Writes : 0 (0 bytes)
        -Bandwidth / Latency  (Bank 0): 0.000 GB/s		-nan ns
        -Bandwidth / Latency  (Bank 1): 0.000 GB/s		-nan ns
        -Bandwidth / Latency  (Bank 2): 0.000 GB/s		-nan ns
        -Bandwidth / Latency  (Bank 3): 0.000 GB/s		-nan ns
        -Bandwidth / Latency  (Bank 4): 0.000 GB/s		-nan ns
        -Bandwidth / Latency  (Bank 5): 0.000 GB/s		-nan ns
        -Bandwidth / Latency  (Bank 6): 0.000 GB/s		-nan ns
        -Bandwidth / Latency  (Bank 7): 0.000 GB/s		-nan ns
 == Power Data for Rank        15
   Average Power (watts)     : 0.149
     -Background (watts)     : 0.112
     -Act/Pre    (watts)     : 0.000
     -Burst      (watts)     : 0.000
     -Refresh    (watts)     : 0.036

 == Pending Transactions : 0 (48878)==
//// Channel [0] ////
==== Channel [0] ====
 =======================================================
 ============== Printing Statistics [id:0]==============
   Total Return Transactions : 6 (192 bytes) aggregate average bandwidth 0.000GB/s
      -Rank   0 : 
        -Reads  : 2 (64 bytes)
        -Writes : 1 (32 bytes)
        -Bandwidth / Latency  (Bank 0): 0.000 GB/s		66.000 ns
        -Bandwidth / Latency  (Bank 1): 0.000 GB/s		-nan ns
        -Bandwidth / Latency  (Bank 2): 0.000 GB/s		-nan ns
        -Bandwidth / Latency  (Bank 3): 0.000 GB/s		-nan ns
        -Bandwidth / Latency  (Bank 4): 0.000 GB/s		-nan ns
        -Bandwidth / Latency  (Bank 5): 0.000 GB/s		-nan ns
        -Bandwidth / Latency  (Bank 6): 0.000 GB/s		-nan ns
        -Bandwidth / Latency  (Bank 7): 0.000 GB/s		-nan ns
 == Power Data for Rank        0
   Average Power (watts)     : 0.076
     -Background (watts)     : 0.057
     -Act/Pre    (watts)     : 0.000
     -Burst      (watts)     : 0.000
     -Refresh    (watts)     : 0.019
      -Rank   1 : 
        -Reads  : 0 (0 bytes)
        -Writes : 0 (0 bytes)
        -Bandwidth / Latency  (Bank 0): 0.000 GB/s		-nan ns
        -Bandwidth / Latency  (Bank 1): 0.000 GB/s		-nan ns
        -Bandwidth / Latency  (Bank 2): 0.000 GB/s		-nan ns
        -Bandwidth / Latency  (Bank 3): 0.000 GB/s		-nan ns
        -Bandwidth / Latency  (Bank 4): 0.000 GB/s		-nan ns
        -Bandwidth / Latency  (Bank 5): 0.000 GB/s		-nan ns
        -Bandwidth / Latency  (Bank 6): 0.000 GB/s		-nan ns
        -Bandwidth / Latency  (Bank 7): 0.000 GB/s		-nan ns
 == Power Data for Rank        1
   Average Power (watts)     : 0.076
     -Background (watts)     : 0.056
     -Act/Pre    (watts)     : 0.000
     -Burst      (watts)     : 0.000
     -Refresh    (watts)     : 0.019
      -Rank   2 : 
        -Reads  : 0 (0 bytes)
        -Writes : 0 (0 bytes)
        -Bandwidth / Latency  (Bank 0): 0.000 GB/s		-nan ns
        -Bandwidth / Latency  (Bank 1): 0.000 GB/s		-nan ns
        -Bandwidth / Latency  (Bank 2): 0.000 GB/s		-nan ns
        -Bandwidth / Latency  (Bank 3): 0.000 GB/s		-nan ns
        -Bandwidth / Latency  (Bank 4): 0.000 GB/s		-nan ns
        -Bandwidth / Latency  (Bank 5): 0.000 GB/s		-nan ns
        -Bandwidth / Latency  (Bank 6): 0.000 GB/s		-nan ns
        -Bandwidth / Latency  (Bank 7): 0.000 GB/s		-nan ns
 == Power Data for Rank        2
   Average Power (watts)     : 0.076
     -Background (watts)     : 0.056
     -Act/Pre    (watts)     : 0.000
     -Burst      (watts)     : 0.000
     -Refresh    (watts)     : 0.019
      -Rank   3 : 
        -Reads  : 0 (0 bytes)
        -Writes : 0 (0 bytes)
        -Bandwidth / Latency  (Bank 0): 0.000 GB/s		-nan ns
        -Bandwidth / Latency  (Bank 1): 0.000 GB/s		-nan ns
        -Bandwidth / Latency  (Bank 2): 0.000 GB/s		-nan ns
        -Bandwidth / Latency  (Bank 3): 0.000 GB/s		-nan ns
        -Bandwidth / Latency  (Bank 4): 0.000 GB/s		-nan ns
        -Bandwidth / Latency  (Bank 5): 0.000 GB/s		-nan ns
        -Bandwidth / Latency  (Bank 6): 0.000 GB/s		-nan ns
        -Bandwidth / Latency  (Bank 7): 0.000 GB/s		-nan ns
 == Power Data for Rank        3
   Average Power (watts)     : 0.076
     -Background (watts)     : 0.056
     -Act/Pre    (watts)     : 0.000
     -Burst      (watts)     : 0.000
     -Refresh    (watts)     : 0.019
      -Rank   4 : 
        -Reads  : 0 (0 bytes)
        -Writes : 0 (0 bytes)
        -Bandwidth / Latency  (Bank 0): 0.000 GB/s		-nan ns
        -Bandwidth / Latency  (Bank 1): 0.000 GB/s		-nan ns
        -Bandwidth / Latency  (Bank 2): 0.000 GB/s		-nan ns
        -Bandwidth / Latency  (Bank 3): 0.000 GB/s		-nan ns
        -Bandwidth / Latency  (Bank 4): 0.000 GB/s		-nan ns
        -Bandwidth / Latency  (Bank 5): 0.000 GB/s		-nan ns
        -Bandwidth / Latency  (Bank 6): 0.000 GB/s		-nan ns
        -Bandwidth / Latency  (Bank 7): 0.000 GB/s		-nan ns
 == Power Data for Rank        4
   Average Power (watts)     : 0.076
     -Background (watts)     : 0.056
     -Act/Pre    (watts)     : 0.000
     -Burst      (watts)     : 0.000
     -Refresh    (watts)     : 0.019
      -Rank   5 : 
        -Reads  : 0 (0 bytes)
        -Writes : 0 (0 bytes)
        -Bandwidth / Latency  (Bank 0): 0.000 GB/s		-nan ns
        -Bandwidth / Latency  (Bank 1): 0.000 GB/s		-nan ns
        -Bandwidth / Latency  (Bank 2): 0.000 GB/s		-nan ns
        -Bandwidth / Latency  (Bank 3): 0.000 GB/s		-nan ns
        -Bandwidth / Latency  (Bank 4): 0.000 GB/s		-nan ns
        -Bandwidth / Latency  (Bank 5): 0.000 GB/s		-nan ns
        -Bandwidth / Latency  (Bank 6): 0.000 GB/s		-nan ns
        -Bandwidth / Latency  (Bank 7): 0.000 GB/s		-nan ns
 == Power Data for Rank        5
   Average Power (watts)     : 0.076
     -Background (watts)     : 0.056
     -Act/Pre    (watts)     : 0.000
     -Burst      (watts)     : 0.000
     -Refresh    (watts)     : 0.019
      -Rank   6 : 
        -Reads  : 0 (0 bytes)
        -Writes : 0 (0 bytes)
        -Bandwidth / Latency  (Bank 0): 0.000 GB/s		-nan ns
        -Bandwidth / Latency  (Bank 1): 0.000 GB/s		-nan ns
        -Bandwidth / Latency  (Bank 2): 0.000 GB/s		-nan ns
        -Bandwidth / Latency  (Bank 3): 0.000 GB/s		-nan ns
        -Bandwidth / Latency  (Bank 4): 0.000 GB/s		-nan ns
        -Bandwidth / Latency  (Bank 5): 0.000 GB/s		-nan ns
        -Bandwidth / Latency  (Bank 6): 0.000 GB/s		-nan ns
        -Bandwidth / Latency  (Bank 7): 0.000 GB/s		-nan ns
 == Power Data for Rank        6
   Average Power (watts)     : 0.076
     -Background (watts)     : 0.056
     -Act/Pre    (watts)     : 0.000
     -Burst      (watts)     : 0.000
     -Refresh    (watts)     : 0.019
      -Rank   7 : 
        -Reads  : 0 (0 bytes)
        -Writes : 0 (0 bytes)
        -Bandwidth / Latency  (Bank 0): 0.000 GB/s		-nan ns
        -Bandwidth / Latency  (Bank 1): 0.000 GB/s		-nan ns
        -Bandwidth / Latency  (Bank 2): 0.000 GB/s		-nan ns
        -Bandwidth / Latency  (Bank 3): 0.000 GB/s		-nan ns
        -Bandwidth / Latency  (Bank 4): 0.000 GB/s		-nan ns
        -Bandwidth / Latency  (Bank 5): 0.000 GB/s		-nan ns
        -Bandwidth / Latency  (Bank 6): 0.000 GB/s		-nan ns
        -Bandwidth / Latency  (Bank 7): 0.000 GB/s		-nan ns
 == Power Data for Rank        7
   Average Power (watts)     : 0.076
     -Background (watts)     : 0.056
     -Act/Pre    (watts)     : 0.000
     -Burst      (watts)     : 0.000
     -Refresh    (watts)     : 0.019
      -Rank   8 : 
        -Reads  : 0 (0 bytes)
        -Writes : 0 (0 bytes)
        -Bandwidth / Latency  (Bank 0): 0.000 GB/s		-nan ns
        -Bandwidth / Latency  (Bank 1): 0.000 GB/s		-nan ns
        -Bandwidth / Latency  (Bank 2): 0.000 GB/s		-nan ns
        -Bandwidth / Latency  (Bank 3): 0.000 GB/s		-nan ns
        -Bandwidth / Latency  (Bank 4): 0.000 GB/s		-nan ns
        -Bandwidth / Latency  (Bank 5): 0.000 GB/s		-nan ns
        -Bandwidth / Latency  (Bank 6): 0.000 GB/s		-nan ns
        -Bandwidth / Latency  (Bank 7): 0.000 GB/s		-nan ns
 == Power Data for Rank        8
   Average Power (watts)     : 0.076
     -Background (watts)     : 0.056
     -Act/Pre    (watts)     : 0.000
     -Burst      (watts)     : 0.000
     -Refresh    (watts)     : 0.019
      -Rank   9 : 
        -Reads  : 0 (0 bytes)
        -Writes : 0 (0 bytes)
        -Bandwidth / Latency  (Bank 0): 0.000 GB/s		-nan ns
        -Bandwidth / Latency  (Bank 1): 0.000 GB/s		-nan ns
        -Bandwidth / Latency  (Bank 2): 0.000 GB/s		-nan ns
        -Bandwidth / Latency  (Bank 3): 0.000 GB/s		-nan ns
        -Bandwidth / Latency  (Bank 4): 0.000 GB/s		-nan ns
        -Bandwidth / Latency  (Bank 5): 0.000 GB/s		-nan ns
        -Bandwidth / Latency  (Bank 6): 0.000 GB/s		-nan ns
        -Bandwidth / Latency  (Bank 7): 0.000 GB/s		-nan ns
 == Power Data for Rank        9
   Average Power (watts)     : 0.074
     -Background (watts)     : 0.056
     -Act/Pre    (watts)     : 0.000
     -Burst      (watts)     : 0.000
     -Refresh    (watts)     : 0.018
      -Rank   10 : 
        -Reads  : 0 (0 bytes)
        -Writes : 0 (0 bytes)
        -Bandwidth / Latency  (Bank 0): 0.000 GB/s		-nan ns
        -Bandwidth / Latency  (Bank 1): 0.000 GB/s		-nan ns
        -Bandwidth / Latency  (Bank 2): 0.000 GB/s		-nan ns
        -Bandwidth / Latency  (Bank 3): 0.000 GB/s		-nan ns
        -Bandwidth / Latency  (Bank 4): 0.000 GB/s		-nan ns
        -Bandwidth / Latency  (Bank 5): 0.000 GB/s		-nan ns
        -Bandwidth / Latency  (Bank 6): 0.000 GB/s		-nan ns
        -Bandwidth / Latency  (Bank 7): 0.000 GB/s		-nan ns
 == Power Data for Rank        10
   Average Power (watts)     : 0.074
     -Background (watts)     : 0.056
     -Act/Pre    (watts)     : 0.000
     -Burst      (watts)     : 0.000
     -Refresh    (watts)     : 0.018
      -Rank   11 : 
        -Reads  : 0 (0 bytes)
        -Writes : 0 (0 bytes)
        -Bandwidth / Latency  (Bank 0): 0.000 GB/s		-nan ns
        -Bandwidth / Latency  (Bank 1): 0.000 GB/s		-nan ns
        -Bandwidth / Latency  (Bank 2): 0.000 GB/s		-nan ns
        -Bandwidth / Latency  (Bank 3): 0.000 GB/s		-nan ns
        -Bandwidth / Latency  (Bank 4): 0.000 GB/s		-nan ns
        -Bandwidth / Latency  (Bank 5): 0.000 GB/s		-nan ns
        -Bandwidth / Latency  (Bank 6): 0.000 GB/s		-nan ns
        -Bandwidth / Latency  (Bank 7): 0.000 GB/s		-nan ns
 == Power Data for Rank        11
   Average Power (watts)     : 0.074
     -Background (watts)     : 0.056
     -Act/Pre    (watts)     : 0.000
     -Burst      (watts)     : 0.000
     -Refresh    (watts)     : 0.018
      -Rank   12 : 
        -Reads  : 0 (0 bytes)
        -Writes : 0 (0 bytes)
        -Bandwidth / Latency  (Bank 0): 0.000 GB/s		-nan ns
        -Bandwidth / Latency  (Bank 1): 0.000 GB/s		-nan ns
        -Bandwidth / Latency  (Bank 2): 0.000 GB/s		-nan ns
        -Bandwidth / Latency  (Bank 3): 0.000 GB/s		-nan ns
        -Bandwidth / Latency  (Bank 4): 0.000 GB/s		-nan ns
        -Bandwidth / Latency  (Bank 5): 0.000 GB/s		-nan ns
        -Bandwidth / Latency  (Bank 6): 0.000 GB/s		-nan ns
        -Bandwidth / Latency  (Bank 7): 0.000 GB/s		-nan ns
 == Power Data for Rank        12
   Average Power (watts)     : 0.076
     -Background (watts)     : 0.056
     -Act/Pre    (watts)     : 0.000
     -Burst      (watts)     : 0.000
     -Refresh    (watts)     : 0.019
      -Rank   13 : 
        -Reads  : 0 (0 bytes)
        -Writes : 0 (0 bytes)
        -Bandwidth / Latency  (Bank 0): 0.000 GB/s		-nan ns
        -Bandwidth / Latency  (Bank 1): 0.000 GB/s		-nan ns
        -Bandwidth / Latency  (Bank 2): 0.000 GB/s		-nan ns
        -Bandwidth / Latency  (Bank 3): 0.000 GB/s		-nan ns
        -Bandwidth / Latency  (Bank 4): 0.000 GB/s		-nan ns
        -Bandwidth / Latency  (Bank 5): 0.000 GB/s		-nan ns
        -Bandwidth / Latency  (Bank 6): 0.000 GB/s		-nan ns
        -Bandwidth / Latency  (Bank 7): 0.000 GB/s		-nan ns
 == Power Data for Rank        13
   Average Power (watts)     : 0.076
     -Background (watts)     : 0.056
     -Act/Pre    (watts)     : 0.000
     -Burst      (watts)     : 0.000
     -Refresh    (watts)     : 0.019
      -Rank   14 : 
        -Reads  : 0 (0 bytes)
        -Writes : 0 (0 bytes)
        -Bandwidth / Latency  (Bank 0): 0.000 GB/s		-nan ns
        -Bandwidth / Latency  (Bank 1): 0.000 GB/s		-nan ns
        -Bandwidth / Latency  (Bank 2): 0.000 GB/s		-nan ns
        -Bandwidth / Latency  (Bank 3): 0.000 GB/s		-nan ns
        -Bandwidth / Latency  (Bank 4): 0.000 GB/s		-nan ns
        -Bandwidth / Latency  (Bank 5): 0.000 GB/s		-nan ns
        -Bandwidth / Latency  (Bank 6): 0.000 GB/s		-nan ns
        -Bandwidth / Latency  (Bank 7): 0.000 GB/s		-nan ns
 == Power Data for Rank        14
   Average Power (watts)     : 0.076
     -Background (watts)     : 0.056
     -Act/Pre    (watts)     : 0.000
     -Burst      (watts)     : 0.000
     -Refresh    (watts)     : 0.019
      -Rank   15 : 
        -Reads  : 0 (0 bytes)
        -Writes : 0 (0 bytes)
        -Bandwidth / Latency  (Bank 0): 0.000 GB/s		-nan ns
        -Bandwidth / Latency  (Bank 1): 0.000 GB/s		-nan ns
        -Bandwidth / Latency  (Bank 2): 0.000 GB/s		-nan ns
        -Bandwidth / Latency  (Bank 3): 0.000 GB/s		-nan ns
        -Bandwidth / Latency  (Bank 4): 0.000 GB/s		-nan ns
        -Bandwidth / Latency  (Bank 5): 0.000 GB/s		-nan ns
        -Bandwidth / Latency  (Bank 6): 0.000 GB/s		-nan ns
        -Bandwidth / Latency  (Bank 7): 0.000 GB/s		-nan ns
 == Power Data for Rank        15
   Average Power (watts)     : 0.076
     -Background (watts)     : 0.056
     -Act/Pre    (watts)     : 0.000
     -Burst      (watts)     : 0.000
     -Refresh    (watts)     : 0.019

 == Pending Transactions : 0 (97755)==
//// Channel [0] ////
